c:\users\vasil\onedrive\υπολογιστής\minic\minic-master\minic\minic.tab.cpp
c:\users\vasil\onedrive\υπολογιστής\minic\minic-master\minic\x64\debug\vc143.pdb
c:\users\vasil\onedrive\υπολογιστής\minic\minic-master\minic\x64\debug\vc143.idb
c:\users\vasil\onedrive\υπολογιστής\minic\minic-master\minic\x64\debug\symboltable.obj
c:\users\vasil\onedrive\υπολογιστής\minic\minic-master\minic\x64\debug\main.obj
c:\users\vasil\onedrive\υπολογιστής\minic\minic-master\minic\x64\debug\minic.tab.obj
c:\users\vasil\onedrive\υπολογιστής\minic\minic-master\minic\x64\debug\minic.flex.obj
c:\users\vasil\onedrive\υπολογιστής\minic\minic-master\minic\x64\debug\compositeconcrete.obj
c:\users\vasil\onedrive\υπολογιστής\minic\minic-master\minic\x64\debug\composite.obj
c:\users\vasil\onedrive\υπολογιστής\minic\minic-master\minic\x64\debug\minic.ilk
c:\users\vasil\onedrive\υπολογιστής\minic\minic-master\x64\debug\minic.exe
c:\users\vasil\onedrive\υπολογιστής\minic\minic-master\x64\debug\minic.pdb
c:\users\vasil\onedrive\υπολογιστής\minic\minic-master\minic\x64\debug\minic.write.1.tlog
c:\users\vasil\onedrive\υπολογιστής\minic\minic-master\minic\x64\debug\minic.tlog\cl.command.1.tlog
c:\users\vasil\onedrive\υπολογιστής\minic\minic-master\minic\x64\debug\minic.tlog\cl.items.tlog
c:\users\vasil\onedrive\υπολογιστής\minic\minic-master\minic\x64\debug\minic.tlog\cl.read.1.tlog
c:\users\vasil\onedrive\υπολογιστής\minic\minic-master\minic\x64\debug\minic.tlog\cl.write.1.tlog
c:\users\vasil\onedrive\υπολογιστής\minic\minic-master\minic\x64\debug\minic.tlog\link.command.1.tlog
c:\users\vasil\onedrive\υπολογιστής\minic\minic-master\minic\x64\debug\minic.tlog\link.read.1.tlog
c:\users\vasil\onedrive\υπολογιστής\minic\minic-master\minic\x64\debug\minic.tlog\link.write.1.tlog
